<?xml version="1.0" encoding="UTF-8"?>
<!-- Generated by org.testng.reporters.JUnitXMLReporter -->
<testsuite hostname="MUNTASIR-BOCTC10" ignored="0" name="Test" tests="1" failures="1" timestamp="2020-10-07T10:59:51 BDT" time="21.681" errors="0">
  <testcase name="BuyTicket" time="11.717" classname="com.payse.tcase.TC_Statement_001">
    <failure type="java.lang.AssertionError" message="expected [true] but found [false]">
      <![CDATA[java.lang.AssertionError: expected [true] but found [false]
at com.payse.tcase.TC_Statement_001.BuyTicket(TC_Statement_001.java:35)
at java.util.ArrayList.forEach(ArrayList.java:1257)
... Removed 31 stack frames]]>
    </failure>
  </testcase> <!-- BuyTicket -->
</testsuite> <!-- Test -->
